<?xml version="1.0" encoding="UTF-8"?>
<!-- Generated by org.testng.reporters.JUnitReportReporter -->
<testsuite hostname="DESKTOP-E3LC8FD" failures="0" tests="5" name="com.automation.testcases.T0004_MultiLogin" time="12.155" errors="0" timestamp="2025-02-19T21:35:04 IST" skipped="0">
  <testcase classname="com.automation.testcases.T0004_MultiLogin" name="multiLogin" time="1.135"/>
  <testcase classname="com.automation.testcases.T0004_MultiLogin" name="multiLogin" time="6.221"/>
  <testcase classname="com.automation.testcases.T0004_MultiLogin" name="multiLogin" time="1.367"/>
  <testcase classname="com.automation.testcases.T0004_MultiLogin" name="multiLogin" time="1.439"/>
  <testcase classname="com.automation.testcases.T0004_MultiLogin" name="multiLogin" time="1.993"/>
</testsuite> <!-- com.automation.testcases.T0004_MultiLogin -->
