<?xml version="1.0" encoding="UTF-8"?>
<!-- Generated by org.testng.reporters.JUnitReportReporter -->
<testsuite hostname="DESKTOP-E3LC8FD" failures="0" tests="1" name="com.automation.testcases.T0001_LogintoApplication" time="2.710" errors="0" timestamp="2025-02-06T23:05:39 IST" skipped="0">
  <testcase classname="com.automation.testcases.T0001_LogintoApplication" name="loginApp" time="2.710"/>
</testsuite> <!-- com.automation.testcases.T0001_LogintoApplication -->
